<?xml version="1.0" encoding="UTF-8"?>
<!-- Generated by org.testng.reporters.JUnitXMLReporter -->
<testsuite ignored="0" hostname="EC2AMAZ-S11DBRH" failures="1" tests="1" name="module" time="120.701" errors="0" timestamp="2024-04-29T04:20:24 GMT">
  <testcase classname="NEWPAACKONE.NewTest" name="f" time="0.006">
    <failure type="java.lang.Error" message="Unresolved compilation problems: 
	driver cannot be resolved
	driver cannot be resolved
	driver cannot be resolved
	driver cannot be resolved
">
      <![CDATA[java.lang.Error: Unresolved compilation problems: 
driver cannot be resolved
driver cannot be resolved
driver cannot be resolved
driver cannot be resolved

at NEWPAACKONE.NewTest.f(NewTest.java:30)
at java.base/java.util.ArrayList.forEach(ArrayList.java:1511)
... Removed 27 stack frames]]>
    </failure>
  </testcase> <!-- f -->
</testsuite> <!-- module -->
