<?xml version="1.0" encoding="UTF-8"?>
<testng-results ignored="0" total="2" passed="2" failed="0" skipped="0">
  <reporter-output>
  </reporter-output>
  <suite started-at="2024-04-29T05:20:29 GMT" name="Default suite" finished-at="2024-04-29T05:20:37 GMT" duration-ms="8643">
    <groups>
    </groups>
    <test started-at="2024-04-29T05:20:29 GMT" name="Default test" finished-at="2024-04-29T05:20:37 GMT" duration-ms="8643">
      <class name="NEWPAACKONE.NewTest">
        <test-method is-config="true" signature="ext()[pri:0, instance:NEWPAACKONE.NewTest@5b03b9fe]" started-at="2024-04-29T05:20:29 GMT" name="ext" finished-at="2024-04-29T05:20:29 GMT" duration-ms="228" status="PASS">
          <reporter-output>
          </reporter-output>
        </test-method> <!-- ext -->
        <test-method signature="f()[pri:0, instance:NEWPAACKONE.NewTest@5b03b9fe]" started-at="2024-04-29T05:20:29 GMT" name="f" finished-at="2024-04-29T05:20:33 GMT" duration-ms="4373" status="PASS">
          <reporter-output>
          </reporter-output>
        </test-method> <!-- f -->
        <test-method signature="j()[pri:0, instance:NEWPAACKONE.NewTest@5b03b9fe]" started-at="2024-04-29T05:20:33 GMT" name="j" finished-at="2024-04-29T05:20:37 GMT" duration-ms="3958" status="PASS">
          <reporter-output>
          </reporter-output>
        </test-method> <!-- j -->
        <test-method is-config="true" signature="extg()[pri:0, instance:NEWPAACKONE.NewTest@5b03b9fe]" started-at="2024-04-29T05:20:37 GMT" name="extg" finished-at="2024-04-29T05:20:37 GMT" duration-ms="12" status="PASS">
          <reporter-output>
          </reporter-output>
        </test-method> <!-- extg -->
      </class> <!-- NEWPAACKONE.NewTest -->
    </test> <!-- Default test -->
  </suite> <!-- Default suite -->
</testng-results>
