<?xml version="1.0" encoding="UTF-8"?>
<testng-results ignored="0" total="1" passed="1" failed="0" skipped="0">
  <reporter-output>
  </reporter-output>
  <suite started-at="2024-04-25T07:14:08 GMT" name="Default suite" finished-at="2024-04-25T07:14:12 GMT" duration-ms="4366">
    <groups>
    </groups>
    <test started-at="2024-04-25T07:14:08 GMT" name="Default test" finished-at="2024-04-25T07:14:12 GMT" duration-ms="4366">
      <class name="NEWPAACKONE.NewTest">
        <test-method signature="f()[pri:0, instance:NEWPAACKONE.NewTest@25084a1e]" started-at="2024-04-25T07:14:08 GMT" name="f" finished-at="2024-04-25T07:14:12 GMT" duration-ms="4297" status="PASS">
          <reporter-output>
          </reporter-output>
        </test-method> <!-- f -->
      </class> <!-- NEWPAACKONE.NewTest -->
    </test> <!-- Default test -->
  </suite> <!-- Default suite -->
</testng-results>
